INFO 2023-05-22 22:16:40,416 Thread-1 (process_request_thread) 13476 basehttp basehttp.py 212 django.server log_message 15052 "GET /home/my_team/ HTTP/1.1" 200 5603
INFO 2023-05-22 22:16:40,442 Thread-1 (process_request_thread) 13476 basehttp basehttp.py 212 django.server log_message 15052 "GET /static/CACHE/css/bootstrap.9819a5072959.css HTTP/1.1" 200 369990
INFO 2023-05-22 22:17:54,901 MainThread 11272 autoreload autoreload.py 266 django.utils.autoreload trigger_reload 15052 C:\Users\jaden\OneDrive\Documents\GitHub\Football-Stats-Web-Scraping\player_scraping\views.py changed, reloading.
INFO 2023-05-22 22:17:55,381 MainThread 7200 autoreload autoreload.py 668 django.utils.autoreload run_with_reloader 15096 Watching for file changes with StatReloader
INFO 2023-05-22 22:18:00,973 Thread-1 (process_request_thread) 15652 basehttp basehttp.py 212 django.server log_message 15096 "GET /home/my_team/ HTTP/1.1" 200 5603
INFO 2023-05-22 22:18:01,041 Thread-1 (process_request_thread) 15652 basehttp basehttp.py 212 django.server log_message 15096 "GET /static/CACHE/css/bootstrap.9819a5072959.css HTTP/1.1" 200 369990
INFO 2023-05-22 22:18:04,804 Thread-1 (process_request_thread) 15652 basehttp basehttp.py 212 django.server log_message 15096 "GET /home/search/?q=ke HTTP/1.1" 200 314
INFO 2023-05-22 22:18:05,004 Thread-1 (process_request_thread) 15652 basehttp basehttp.py 212 django.server log_message 15096 "GET /home/search/?q=keen HTTP/1.1" 200 130
INFO 2023-05-22 22:18:05,092 Thread-1 (process_request_thread) 15652 basehttp basehttp.py 212 django.server log_message 15096 "GET /home/search/?q=keen HTTP/1.1" 200 130
ERROR 2023-05-22 22:18:07,818 Thread-1 (process_request_thread) 15652 basehttp basehttp.py 212 django.server log_message 15096 "GET /home/add_player_to_team/15818/3918298/ HTTP/1.1" 500 88044
INFO 2023-05-22 22:20:51,111 MainThread 7200 autoreload autoreload.py 266 django.utils.autoreload trigger_reload 15096 C:\Users\jaden\OneDrive\Documents\GitHub\Football-Stats-Web-Scraping\player_scraping\views.py changed, reloading.
INFO 2023-05-22 22:20:51,597 MainThread 8464 autoreload autoreload.py 668 django.utils.autoreload run_with_reloader 11156 Watching for file changes with StatReloader
INFO 2023-05-22 22:22:39,616 MainThread 8464 autoreload autoreload.py 266 django.utils.autoreload trigger_reload 11156 C:\Users\jaden\OneDrive\Documents\GitHub\Football-Stats-Web-Scraping\player_scraping\views.py changed, reloading.
INFO 2023-05-22 22:22:40,105 MainThread 13100 autoreload autoreload.py 668 django.utils.autoreload run_with_reloader 1940 Watching for file changes with StatReloader
INFO 2023-05-22 22:22:44,602 Thread-1 (process_request_thread) 16572 basehttp basehttp.py 212 django.server log_message 1940 "GET /home/my_team/ HTTP/1.1" 200 5603
INFO 2023-05-22 22:22:44,665 Thread-1 (process_request_thread) 16572 basehttp basehttp.py 212 django.server log_message 1940 "GET /static/CACHE/css/bootstrap.9819a5072959.css HTTP/1.1" 200 369990
INFO 2023-05-22 22:22:51,723 Thread-1 (process_request_thread) 16572 basehttp basehttp.py 212 django.server log_message 1940 "GET /home/search/?q=ke HTTP/1.1" 200 314
INFO 2023-05-22 22:22:51,891 Thread-1 (process_request_thread) 16572 basehttp basehttp.py 212 django.server log_message 1940 "GET /home/search/?q=kee HTTP/1.1" 200 319
INFO 2023-05-22 22:22:55,008 Thread-1 (process_request_thread) 16572 basehttp basehttp.py 212 django.server log_message 1940 "GET /home/add_player_to_team/15818/2576581/ HTTP/1.1" 200 169
INFO 2023-05-22 22:22:59,025 Thread-1 (process_request_thread) 16572 basehttp basehttp.py 212 django.server log_message 1940 "GET /home/my_team/ HTTP/1.1" 200 5603
INFO 2023-05-22 22:22:59,051 Thread-1 (process_request_thread) 16572 basehttp basehttp.py 212 django.server log_message 1940 "GET /static/CACHE/css/bootstrap.9819a5072959.css HTTP/1.1" 200 369990
INFO 2023-05-22 22:23:03,121 Thread-1 (process_request_thread) 16572 basehttp basehttp.py 212 django.server log_message 1940 "GET /home/my_team/ HTTP/1.1" 200 5601
INFO 2023-05-22 22:23:03,146 Thread-1 (process_request_thread) 16572 basehttp basehttp.py 212 django.server log_message 1940 "GET /static/CACHE/css/bootstrap.9819a5072959.css HTTP/1.1" 200 369990
INFO 2023-05-22 22:24:50,679 MainThread 13100 autoreload autoreload.py 266 django.utils.autoreload trigger_reload 1940 C:\Users\jaden\OneDrive\Documents\GitHub\Football-Stats-Web-Scraping\player_scraping\services.py changed, reloading.
INFO 2023-05-22 22:24:51,177 MainThread 7992 autoreload autoreload.py 668 django.utils.autoreload run_with_reloader 12412 Watching for file changes with StatReloader
INFO 2023-05-22 22:24:55,944 Thread-1 (process_request_thread) 4232 basehttp basehttp.py 212 django.server log_message 12412 "GET /home/my_team/ HTTP/1.1" 200 5601
INFO 2023-05-22 22:24:56,006 Thread-1 (process_request_thread) 4232 basehttp basehttp.py 212 django.server log_message 12412 "GET /static/CACHE/css/bootstrap.9819a5072959.css HTTP/1.1" 200 369990
INFO 2023-05-22 22:25:02,776 Thread-1 (process_request_thread) 4232 basehttp basehttp.py 212 django.server log_message 12412 "GET /admin/player_scraping/playerstat/ HTTP/1.1" 302 0
INFO 2023-05-22 22:25:02,795 Thread-1 (process_request_thread) 4232 basehttp basehttp.py 212 django.server log_message 12412 "GET /admin/login/?next=/admin/player_scraping/playerstat/ HTTP/1.1" 200 3756
INFO 2023-05-22 22:25:04,903 Thread-1 (process_request_thread) 4232 basehttp basehttp.py 212 django.server log_message 12412 "POST /admin/login/?next=/admin/player_scraping/playerstat/ HTTP/1.1" 302 0
INFO 2023-05-22 22:25:04,930 Thread-1 (process_request_thread) 4232 basehttp basehttp.py 212 django.server log_message 12412 "GET /admin/player_scraping/playerstat/ HTTP/1.1" 200 11065
INFO 2023-05-22 22:25:04,953 Thread-1 (process_request_thread) 4232 basehttp basehttp.py 212 django.server log_message 12412 "GET /admin/jsi18n/ HTTP/1.1" 200 3343
INFO 2023-05-22 22:25:12,873 Thread-1 (process_request_thread) 4232 basehttp basehttp.py 212 django.server log_message 12412 "POST /admin/player_scraping/playerstat/ HTTP/1.1" 200 9763
INFO 2023-05-22 22:25:13,697 Thread-1 (process_request_thread) 4232 basehttp basehttp.py 212 django.server log_message 12412 "POST /admin/player_scraping/playerstat/ HTTP/1.1" 302 0
INFO 2023-05-22 22:25:13,709 Thread-1 (process_request_thread) 4232 basehttp basehttp.py 212 django.server log_message 12412 "GET /admin/player_scraping/playerstat/ HTTP/1.1" 200 9296
INFO 2023-05-22 22:25:13,728 Thread-1 (process_request_thread) 4232 basehttp basehttp.py 212 django.server log_message 12412 "GET /admin/jsi18n/ HTTP/1.1" 200 3343
INFO 2023-05-22 22:25:17,801 Thread-1 (process_request_thread) 4232 basehttp basehttp.py 212 django.server log_message 12412 "GET /home/my_team/ HTTP/1.1" 200 4359
INFO 2023-05-22 22:25:17,829 Thread-1 (process_request_thread) 4232 basehttp basehttp.py 212 django.server log_message 12412 "GET /static/CACHE/css/bootstrap.9819a5072959.css HTTP/1.1" 200 369990
INFO 2023-05-22 22:25:23,941 Thread-1 (process_request_thread) 4232 basehttp basehttp.py 212 django.server log_message 12412 "GET / HTTP/1.1" 200 2142
INFO 2023-05-22 22:25:23,976 Thread-1 (process_request_thread) 4232 basehttp basehttp.py 212 django.server log_message 12412 "GET /static/CACHE/css/bootstrap.9819a5072959.css HTTP/1.1" 200 369990
INFO 2023-05-22 22:25:26,874 Thread-1 (process_request_thread) 4232 basehttp basehttp.py 212 django.server log_message 12412 "GET /accounts/login/ HTTP/1.1" 200 2886
INFO 2023-05-22 22:25:26,910 Thread-1 (process_request_thread) 4232 basehttp basehttp.py 212 django.server log_message 12412 "GET /static/CACHE/css/bootstrap.9819a5072959.css HTTP/1.1" 200 369990
INFO 2023-05-22 22:25:29,605 Thread-1 (process_request_thread) 4232 basehttp basehttp.py 212 django.server log_message 12412 "POST /accounts/login/ HTTP/1.1" 302 0
INFO 2023-05-22 22:25:29,616 Thread-1 (process_request_thread) 4232 basehttp basehttp.py 212 django.server log_message 12412 "GET /home HTTP/1.1" 301 0
INFO 2023-05-22 22:25:31,505 Thread-2 (process_request_thread) 16988 basehttp basehttp.py 212 django.server log_message 12412 "GET /home/ HTTP/1.1" 200 4681
INFO 2023-05-22 22:25:31,547 Thread-2 (process_request_thread) 16988 basehttp basehttp.py 212 django.server log_message 12412 "GET /static/CACHE/css/bootstrap.9819a5072959.css HTTP/1.1" 200 369990
INFO 2023-05-22 22:25:35,441 Thread-2 (process_request_thread) 16988 basehttp basehttp.py 212 django.server log_message 12412 "GET /home/my_team/ HTTP/1.1" 200 5605
INFO 2023-05-22 22:25:35,477 Thread-2 (process_request_thread) 16988 basehttp basehttp.py 212 django.server log_message 12412 "GET /static/CACHE/css/bootstrap.9819a5072959.css HTTP/1.1" 200 369990
INFO 2023-05-22 22:26:10,555 Thread-2 (process_request_thread) 16988 basehttp basehttp.py 212 django.server log_message 12412 "GET /home/my_team/ HTTP/1.1" 200 5601
INFO 2023-05-22 22:26:10,583 Thread-2 (process_request_thread) 16988 basehttp basehttp.py 212 django.server log_message 12412 "GET /static/CACHE/css/bootstrap.9819a5072959.css HTTP/1.1" 200 369990
INFO 2023-05-22 22:28:01,233 MainThread 7992 autoreload autoreload.py 266 django.utils.autoreload trigger_reload 12412 C:\Users\jaden\OneDrive\Documents\GitHub\Football-Stats-Web-Scraping\player_scraping\services.py changed, reloading.
INFO 2023-05-22 22:28:01,707 MainThread 16688 autoreload autoreload.py 668 django.utils.autoreload run_with_reloader 1036 Watching for file changes with StatReloader
INFO 2023-05-22 22:28:06,029 Thread-1 (process_request_thread) 656 basehttp basehttp.py 212 django.server log_message 1036 "GET /admin/player_scraping/playerstat/ HTTP/1.1" 302 0
INFO 2023-05-22 22:28:06,055 Thread-1 (process_request_thread) 656 basehttp basehttp.py 212 django.server log_message 1036 "GET /admin/login/?next=/admin/player_scraping/playerstat/ HTTP/1.1" 200 3756
INFO 2023-05-22 22:28:09,423 Thread-1 (process_request_thread) 656 basehttp basehttp.py 212 django.server log_message 1036 "POST /admin/login/?next=/admin/player_scraping/playerstat/ HTTP/1.1" 302 0
INFO 2023-05-22 22:28:09,451 Thread-1 (process_request_thread) 656 basehttp basehttp.py 212 django.server log_message 1036 "GET /admin/player_scraping/playerstat/ HTTP/1.1" 200 10825
INFO 2023-05-22 22:28:09,472 Thread-1 (process_request_thread) 656 basehttp basehttp.py 212 django.server log_message 1036 "GET /admin/jsi18n/ HTTP/1.1" 200 3343
INFO 2023-05-22 22:28:10,432 Thread-1 (process_request_thread) 656 basehttp basehttp.py 212 django.server log_message 1036 "GET /admin/player_scraping/playerstat/ HTTP/1.1" 200 10825
INFO 2023-05-22 22:28:10,449 Thread-1 (process_request_thread) 656 basehttp basehttp.py 212 django.server log_message 1036 "GET /admin/jsi18n/ HTTP/1.1" 200 3343
INFO 2023-05-22 22:28:12,952 Thread-1 (process_request_thread) 656 basehttp basehttp.py 212 django.server log_message 1036 "POST /admin/player_scraping/playerstat/ HTTP/1.1" 200 9589
INFO 2023-05-22 22:28:14,018 Thread-1 (process_request_thread) 656 basehttp basehttp.py 212 django.server log_message 1036 "POST /admin/player_scraping/playerstat/ HTTP/1.1" 302 0
INFO 2023-05-22 22:28:14,030 Thread-1 (process_request_thread) 656 basehttp basehttp.py 212 django.server log_message 1036 "GET /admin/player_scraping/playerstat/ HTTP/1.1" 200 9296
INFO 2023-05-22 22:28:14,044 Thread-1 (process_request_thread) 656 basehttp basehttp.py 212 django.server log_message 1036 "GET /admin/jsi18n/ HTTP/1.1" 200 3343
INFO 2023-05-22 22:28:19,499 Thread-1 (process_request_thread) 656 basehttp basehttp.py 212 django.server log_message 1036 "GET / HTTP/1.1" 200 2142
INFO 2023-05-22 22:28:19,582 Thread-1 (process_request_thread) 656 basehttp basehttp.py 212 django.server log_message 1036 "GET /static/CACHE/css/bootstrap.9819a5072959.css HTTP/1.1" 200 369990
INFO 2023-05-22 22:28:22,682 Thread-1 (process_request_thread) 656 basehttp basehttp.py 212 django.server log_message 1036 "GET /accounts/login/ HTTP/1.1" 200 2886
INFO 2023-05-22 22:28:22,721 Thread-1 (process_request_thread) 656 basehttp basehttp.py 212 django.server log_message 1036 "GET /static/CACHE/css/bootstrap.9819a5072959.css HTTP/1.1" 200 369990
INFO 2023-05-22 22:28:25,029 Thread-1 (process_request_thread) 656 basehttp basehttp.py 212 django.server log_message 1036 "POST /accounts/login/ HTTP/1.1" 302 0
INFO 2023-05-22 22:28:25,039 Thread-1 (process_request_thread) 656 basehttp basehttp.py 212 django.server log_message 1036 "GET /home HTTP/1.1" 301 0
INFO 2023-05-22 22:28:26,931 Thread-2 (process_request_thread) 15812 basehttp basehttp.py 212 django.server log_message 1036 "GET /home/ HTTP/1.1" 200 4681
INFO 2023-05-22 22:28:26,970 Thread-2 (process_request_thread) 15812 basehttp basehttp.py 212 django.server log_message 1036 "GET /static/CACHE/css/bootstrap.9819a5072959.css HTTP/1.1" 200 369990
INFO 2023-05-22 22:28:30,633 Thread-2 (process_request_thread) 15812 basehttp basehttp.py 212 django.server log_message 1036 "GET /home/my_team/ HTTP/1.1" 200 5605
INFO 2023-05-22 22:28:30,669 Thread-2 (process_request_thread) 15812 basehttp basehttp.py 212 django.server log_message 1036 "GET /static/CACHE/css/bootstrap.9819a5072959.css HTTP/1.1" 200 369990
INFO 2023-05-22 22:28:42,745 Thread-2 (process_request_thread) 15812 basehttp basehttp.py 212 django.server log_message 1036 "GET /home/my_team/ HTTP/1.1" 200 5601
INFO 2023-05-22 22:28:42,774 Thread-2 (process_request_thread) 15812 basehttp basehttp.py 212 django.server log_message 1036 "GET /static/CACHE/css/bootstrap.9819a5072959.css HTTP/1.1" 200 369990
INFO 2023-05-22 22:29:24,141 MainThread 16688 autoreload autoreload.py 266 django.utils.autoreload trigger_reload 1036 C:\Users\jaden\OneDrive\Documents\GitHub\Football-Stats-Web-Scraping\player_scraping\services.py changed, reloading.
INFO 2023-05-22 22:29:24,650 MainThread 18348 autoreload autoreload.py 668 django.utils.autoreload run_with_reloader 12508 Watching for file changes with StatReloader
INFO 2023-05-22 22:29:39,691 MainThread 18348 autoreload autoreload.py 266 django.utils.autoreload trigger_reload 12508 C:\Users\jaden\OneDrive\Documents\GitHub\Football-Stats-Web-Scraping\player_scraping\services.py changed, reloading.
INFO 2023-05-22 22:29:40,161 MainThread 6876 autoreload autoreload.py 668 django.utils.autoreload run_with_reloader 6768 Watching for file changes with StatReloader
INFO 2023-05-22 22:29:44,855 Thread-1 (process_request_thread) 7684 basehttp basehttp.py 212 django.server log_message 6768 "GET /home/my_team/ HTTP/1.1" 200 5601
INFO 2023-05-22 22:29:44,916 Thread-1 (process_request_thread) 7684 basehttp basehttp.py 212 django.server log_message 6768 "GET /static/CACHE/css/bootstrap.9819a5072959.css HTTP/1.1" 200 369990
INFO 2023-05-22 22:30:01,517 Thread-1 (process_request_thread) 7684 basehttp basehttp.py 212 django.server log_message 6768 "GET /admin/player_scraping/playerstat/ HTTP/1.1" 302 0
INFO 2023-05-22 22:30:01,537 Thread-1 (process_request_thread) 7684 basehttp basehttp.py 212 django.server log_message 6768 "GET /admin/login/?next=/admin/player_scraping/playerstat/ HTTP/1.1" 200 3756
INFO 2023-05-22 22:30:03,988 Thread-1 (process_request_thread) 7684 basehttp basehttp.py 212 django.server log_message 6768 "POST /admin/login/?next=/admin/player_scraping/playerstat/ HTTP/1.1" 302 0
INFO 2023-05-22 22:30:04,014 Thread-1 (process_request_thread) 7684 basehttp basehttp.py 212 django.server log_message 6768 "GET /admin/player_scraping/playerstat/ HTTP/1.1" 200 10825
INFO 2023-05-22 22:30:04,034 Thread-1 (process_request_thread) 7684 basehttp basehttp.py 212 django.server log_message 6768 "GET /admin/jsi18n/ HTTP/1.1" 200 3343
INFO 2023-05-22 22:30:08,642 Thread-1 (process_request_thread) 7684 basehttp basehttp.py 212 django.server log_message 6768 "POST /admin/player_scraping/playerstat/ HTTP/1.1" 200 9589
INFO 2023-05-22 22:30:09,536 Thread-1 (process_request_thread) 7684 basehttp basehttp.py 212 django.server log_message 6768 "POST /admin/player_scraping/playerstat/ HTTP/1.1" 302 0
INFO 2023-05-22 22:30:09,547 Thread-1 (process_request_thread) 7684 basehttp basehttp.py 212 django.server log_message 6768 "GET /admin/player_scraping/playerstat/ HTTP/1.1" 200 9296
INFO 2023-05-22 22:30:09,562 Thread-1 (process_request_thread) 7684 basehttp basehttp.py 212 django.server log_message 6768 "GET /admin/jsi18n/ HTTP/1.1" 200 3343
INFO 2023-05-22 22:30:14,015 Thread-1 (process_request_thread) 7684 basehttp basehttp.py 212 django.server log_message 6768 "GET /home/my_team/ HTTP/1.1" 200 4359
INFO 2023-05-22 22:30:14,042 Thread-1 (process_request_thread) 7684 basehttp basehttp.py 212 django.server log_message 6768 "GET /static/CACHE/css/bootstrap.9819a5072959.css HTTP/1.1" 200 369990
INFO 2023-05-22 22:30:17,117 Thread-1 (process_request_thread) 7684 basehttp basehttp.py 212 django.server log_message 6768 "GET / HTTP/1.1" 200 2142
INFO 2023-05-22 22:30:17,149 Thread-1 (process_request_thread) 7684 basehttp basehttp.py 212 django.server log_message 6768 "GET /static/CACHE/css/bootstrap.9819a5072959.css HTTP/1.1" 200 369990
INFO 2023-05-22 22:30:19,873 Thread-1 (process_request_thread) 7684 basehttp basehttp.py 212 django.server log_message 6768 "GET /accounts/login/ HTTP/1.1" 200 2886
INFO 2023-05-22 22:30:19,909 Thread-1 (process_request_thread) 7684 basehttp basehttp.py 212 django.server log_message 6768 "GET /static/CACHE/css/bootstrap.9819a5072959.css HTTP/1.1" 200 369990
INFO 2023-05-22 22:30:23,141 Thread-1 (process_request_thread) 7684 basehttp basehttp.py 212 django.server log_message 6768 "POST /accounts/login/ HTTP/1.1" 302 0
INFO 2023-05-22 22:30:23,151 Thread-1 (process_request_thread) 7684 basehttp basehttp.py 212 django.server log_message 6768 "GET /home HTTP/1.1" 301 0
INFO 2023-05-22 22:30:25,053 Thread-2 (process_request_thread) 14936 basehttp basehttp.py 212 django.server log_message 6768 "GET /home/ HTTP/1.1" 200 4681
INFO 2023-05-22 22:30:25,093 Thread-2 (process_request_thread) 14936 basehttp basehttp.py 212 django.server log_message 6768 "GET /static/CACHE/css/bootstrap.9819a5072959.css HTTP/1.1" 200 369990
INFO 2023-05-22 22:30:29,096 Thread-2 (process_request_thread) 14936 basehttp basehttp.py 212 django.server log_message 6768 "GET /home/my_team/ HTTP/1.1" 200 5605
INFO 2023-05-22 22:30:29,133 Thread-2 (process_request_thread) 14936 basehttp basehttp.py 212 django.server log_message 6768 "GET /static/CACHE/css/bootstrap.9819a5072959.css HTTP/1.1" 200 369990
INFO 2023-05-22 22:31:14,638 MainThread 6876 autoreload autoreload.py 266 django.utils.autoreload trigger_reload 6768 C:\Users\jaden\OneDrive\Documents\GitHub\Football-Stats-Web-Scraping\player_scraping\utils.py changed, reloading.
INFO 2023-05-22 22:31:15,139 MainThread 2000 autoreload autoreload.py 668 django.utils.autoreload run_with_reloader 9060 Watching for file changes with StatReloader
INFO 2023-05-22 22:31:42,595 MainThread 2000 autoreload autoreload.py 266 django.utils.autoreload trigger_reload 9060 C:\Users\jaden\OneDrive\Documents\GitHub\Football-Stats-Web-Scraping\player_scraping\services.py changed, reloading.
INFO 2023-05-22 22:31:43,066 MainThread 13620 autoreload autoreload.py 668 django.utils.autoreload run_with_reloader 11528 Watching for file changes with StatReloader
INFO 2023-05-22 22:31:45,876 Thread-1 (process_request_thread) 7964 basehttp basehttp.py 212 django.server log_message 11528 "GET /admin/player_scraping/playerstat/ HTTP/1.1" 302 0
INFO 2023-05-22 22:31:45,901 Thread-1 (process_request_thread) 7964 basehttp basehttp.py 212 django.server log_message 11528 "GET /admin/login/?next=/admin/player_scraping/playerstat/ HTTP/1.1" 200 3756
INFO 2023-05-22 22:31:48,373 Thread-1 (process_request_thread) 7964 basehttp basehttp.py 212 django.server log_message 11528 "POST /admin/login/?next=/admin/player_scraping/playerstat/ HTTP/1.1" 302 0
INFO 2023-05-22 22:31:48,400 Thread-1 (process_request_thread) 7964 basehttp basehttp.py 212 django.server log_message 11528 "GET /admin/player_scraping/playerstat/ HTTP/1.1" 200 10825
INFO 2023-05-22 22:31:48,426 Thread-1 (process_request_thread) 7964 basehttp basehttp.py 212 django.server log_message 11528 "GET /admin/jsi18n/ HTTP/1.1" 200 3343
INFO 2023-05-22 22:31:52,217 Thread-1 (process_request_thread) 7964 basehttp basehttp.py 212 django.server log_message 11528 "POST /admin/player_scraping/playerstat/ HTTP/1.1" 200 9589
INFO 2023-05-22 22:31:53,135 Thread-1 (process_request_thread) 7964 basehttp basehttp.py 212 django.server log_message 11528 "POST /admin/player_scraping/playerstat/ HTTP/1.1" 302 0
INFO 2023-05-22 22:31:53,147 Thread-1 (process_request_thread) 7964 basehttp basehttp.py 212 django.server log_message 11528 "GET /admin/player_scraping/playerstat/ HTTP/1.1" 200 9296
INFO 2023-05-22 22:31:53,161 Thread-1 (process_request_thread) 7964 basehttp basehttp.py 212 django.server log_message 11528 "GET /admin/jsi18n/ HTTP/1.1" 200 3343
INFO 2023-05-22 22:31:58,217 Thread-1 (process_request_thread) 7964 basehttp basehttp.py 212 django.server log_message 11528 "GET / HTTP/1.1" 200 2142
INFO 2023-05-22 22:31:58,290 Thread-1 (process_request_thread) 7964 basehttp basehttp.py 212 django.server log_message 11528 "GET /static/CACHE/css/bootstrap.9819a5072959.css HTTP/1.1" 200 369990
INFO 2023-05-22 22:32:00,936 Thread-1 (process_request_thread) 7964 basehttp basehttp.py 212 django.server log_message 11528 "GET /accounts/login/ HTTP/1.1" 200 2886
INFO 2023-05-22 22:32:00,972 Thread-1 (process_request_thread) 7964 basehttp basehttp.py 212 django.server log_message 11528 "GET /static/CACHE/css/bootstrap.9819a5072959.css HTTP/1.1" 200 369990
INFO 2023-05-22 22:32:03,566 Thread-1 (process_request_thread) 7964 basehttp basehttp.py 212 django.server log_message 11528 "POST /accounts/login/ HTTP/1.1" 302 0
INFO 2023-05-22 22:32:03,577 Thread-1 (process_request_thread) 7964 basehttp basehttp.py 212 django.server log_message 11528 "GET /home HTTP/1.1" 301 0
INFO 2023-05-22 22:32:05,485 Thread-2 (process_request_thread) 12876 basehttp basehttp.py 212 django.server log_message 11528 "GET /home/ HTTP/1.1" 200 4681
INFO 2023-05-22 22:32:05,525 Thread-2 (process_request_thread) 12876 basehttp basehttp.py 212 django.server log_message 11528 "GET /static/CACHE/css/bootstrap.9819a5072959.css HTTP/1.1" 200 369990
INFO 2023-05-22 22:32:09,518 Thread-2 (process_request_thread) 12876 basehttp basehttp.py 212 django.server log_message 11528 "GET /home/my_team/ HTTP/1.1" 200 5605
INFO 2023-05-22 22:32:09,555 Thread-2 (process_request_thread) 12876 basehttp basehttp.py 212 django.server log_message 11528 "GET /static/CACHE/css/bootstrap.9819a5072959.css HTTP/1.1" 200 369990
INFO 2023-05-22 22:32:38,707 MainThread 13620 autoreload autoreload.py 266 django.utils.autoreload trigger_reload 11528 C:\Users\jaden\OneDrive\Documents\GitHub\Football-Stats-Web-Scraping\player_scraping\services.py changed, reloading.
INFO 2023-05-22 22:32:39,175 MainThread 11348 autoreload autoreload.py 668 django.utils.autoreload run_with_reloader 4140 Watching for file changes with StatReloader
INFO 2023-05-22 22:33:02,016 Thread-1 (process_request_thread) 17560 basehttp basehttp.py 212 django.server log_message 4140 "GET /admin/player_scraping/playerstat/ HTTP/1.1" 302 0
INFO 2023-05-22 22:33:02,041 Thread-1 (process_request_thread) 17560 basehttp basehttp.py 212 django.server log_message 4140 "GET /admin/login/?next=/admin/player_scraping/playerstat/ HTTP/1.1" 200 3756
INFO 2023-05-22 22:33:04,750 Thread-1 (process_request_thread) 17560 basehttp basehttp.py 212 django.server log_message 4140 "POST /admin/login/?next=/admin/player_scraping/playerstat/ HTTP/1.1" 302 0
INFO 2023-05-22 22:33:04,777 Thread-1 (process_request_thread) 17560 basehttp basehttp.py 212 django.server log_message 4140 "GET /admin/player_scraping/playerstat/ HTTP/1.1" 200 10825
INFO 2023-05-22 22:33:04,798 Thread-1 (process_request_thread) 17560 basehttp basehttp.py 212 django.server log_message 4140 "GET /admin/jsi18n/ HTTP/1.1" 200 3343
INFO 2023-05-22 22:33:09,850 Thread-1 (process_request_thread) 17560 basehttp basehttp.py 212 django.server log_message 4140 "POST /admin/player_scraping/playerstat/ HTTP/1.1" 200 9589
INFO 2023-05-22 22:33:10,955 Thread-1 (process_request_thread) 17560 basehttp basehttp.py 212 django.server log_message 4140 "POST /admin/player_scraping/playerstat/ HTTP/1.1" 302 0
INFO 2023-05-22 22:33:10,967 Thread-1 (process_request_thread) 17560 basehttp basehttp.py 212 django.server log_message 4140 "GET /admin/player_scraping/playerstat/ HTTP/1.1" 200 9296
INFO 2023-05-22 22:33:10,984 Thread-1 (process_request_thread) 17560 basehttp basehttp.py 212 django.server log_message 4140 "GET /admin/jsi18n/ HTTP/1.1" 200 3343
INFO 2023-05-22 22:33:17,932 Thread-1 (process_request_thread) 17560 basehttp basehttp.py 212 django.server log_message 4140 "GET / HTTP/1.1" 200 2142
INFO 2023-05-22 22:33:18,017 Thread-1 (process_request_thread) 17560 basehttp basehttp.py 212 django.server log_message 4140 "GET /static/CACHE/css/bootstrap.9819a5072959.css HTTP/1.1" 200 369990
INFO 2023-05-22 22:33:20,776 Thread-1 (process_request_thread) 17560 basehttp basehttp.py 212 django.server log_message 4140 "GET /accounts/login/ HTTP/1.1" 200 2886
INFO 2023-05-22 22:33:20,816 Thread-1 (process_request_thread) 17560 basehttp basehttp.py 212 django.server log_message 4140 "GET /static/CACHE/css/bootstrap.9819a5072959.css HTTP/1.1" 200 369990
INFO 2023-05-22 22:33:25,086 Thread-1 (process_request_thread) 17560 basehttp basehttp.py 212 django.server log_message 4140 "POST /accounts/login/ HTTP/1.1" 302 0
INFO 2023-05-22 22:33:25,101 Thread-1 (process_request_thread) 17560 basehttp basehttp.py 212 django.server log_message 4140 "GET /home HTTP/1.1" 301 0
INFO 2023-05-22 22:33:27,007 Thread-2 (process_request_thread) 15260 basehttp basehttp.py 212 django.server log_message 4140 "GET /home/ HTTP/1.1" 200 4681
INFO 2023-05-22 22:33:27,046 Thread-2 (process_request_thread) 15260 basehttp basehttp.py 212 django.server log_message 4140 "GET /static/CACHE/css/bootstrap.9819a5072959.css HTTP/1.1" 200 369990
INFO 2023-05-22 22:33:30,785 Thread-2 (process_request_thread) 15260 basehttp basehttp.py 212 django.server log_message 4140 "GET /home/my_team/ HTTP/1.1" 200 5605
INFO 2023-05-22 22:33:30,831 Thread-2 (process_request_thread) 15260 basehttp basehttp.py 212 django.server log_message 4140 "GET /static/CACHE/css/bootstrap.9819a5072959.css HTTP/1.1" 200 369990
INFO 2023-05-22 22:33:34,865 Thread-2 (process_request_thread) 15260 basehttp basehttp.py 212 django.server log_message 4140 "GET /home/my_team/ HTTP/1.1" 200 5600
INFO 2023-05-22 22:33:34,892 Thread-2 (process_request_thread) 15260 basehttp basehttp.py 212 django.server log_message 4140 "GET /static/CACHE/css/bootstrap.9819a5072959.css HTTP/1.1" 200 369990
INFO 2023-05-22 22:37:44,162 MainThread 11348 autoreload autoreload.py 266 django.utils.autoreload trigger_reload 4140 C:\Users\jaden\OneDrive\Documents\GitHub\Football-Stats-Web-Scraping\player_scraping\utils.py changed, reloading.
INFO 2023-05-22 22:37:44,628 MainThread 18060 autoreload autoreload.py 668 django.utils.autoreload run_with_reloader 3716 Watching for file changes with StatReloader
INFO 2023-05-22 22:38:06,589 MainThread 18060 autoreload autoreload.py 266 django.utils.autoreload trigger_reload 3716 C:\Users\jaden\OneDrive\Documents\GitHub\Football-Stats-Web-Scraping\player_scraping\utils.py changed, reloading.
INFO 2023-05-22 22:38:07,101 MainThread 14220 autoreload autoreload.py 668 django.utils.autoreload run_with_reloader 7300 Watching for file changes with StatReloader
INFO 2023-05-22 22:38:59,325 MainThread 14220 autoreload autoreload.py 266 django.utils.autoreload trigger_reload 7300 C:\Users\jaden\OneDrive\Documents\GitHub\Football-Stats-Web-Scraping\player_scraping\utils.py changed, reloading.
INFO 2023-05-22 22:38:59,792 MainThread 18132 autoreload autoreload.py 668 django.utils.autoreload run_with_reloader 17968 Watching for file changes with StatReloader
INFO 2023-05-22 22:39:31,043 MainThread 18132 autoreload autoreload.py 266 django.utils.autoreload trigger_reload 17968 C:\Users\jaden\OneDrive\Documents\GitHub\Football-Stats-Web-Scraping\player_scraping\utils.py changed, reloading.
INFO 2023-05-22 22:39:31,517 MainThread 13908 autoreload autoreload.py 668 django.utils.autoreload run_with_reloader 5876 Watching for file changes with StatReloader
INFO 2023-05-22 22:39:44,211 MainThread 13908 autoreload autoreload.py 266 django.utils.autoreload trigger_reload 5876 C:\Users\jaden\OneDrive\Documents\GitHub\Football-Stats-Web-Scraping\player_scraping\utils.py changed, reloading.
INFO 2023-05-22 22:39:44,670 MainThread 12520 autoreload autoreload.py 668 django.utils.autoreload run_with_reloader 2732 Watching for file changes with StatReloader
INFO 2023-05-22 22:40:04,562 MainThread 12520 autoreload autoreload.py 266 django.utils.autoreload trigger_reload 2732 C:\Users\jaden\OneDrive\Documents\GitHub\Football-Stats-Web-Scraping\player_scraping\utils.py changed, reloading.
INFO 2023-05-22 22:40:05,054 MainThread 14600 autoreload autoreload.py 668 django.utils.autoreload run_with_reloader 9120 Watching for file changes with StatReloader
INFO 2023-05-22 22:41:38,092 MainThread 14600 autoreload autoreload.py 266 django.utils.autoreload trigger_reload 9120 C:\Users\jaden\OneDrive\Documents\GitHub\Football-Stats-Web-Scraping\player_scraping\services.py changed, reloading.
INFO 2023-05-22 22:41:38,545 MainThread 15508 autoreload autoreload.py 668 django.utils.autoreload run_with_reloader 18072 Watching for file changes with StatReloader
INFO 2023-05-22 22:41:51,503 MainThread 15508 autoreload autoreload.py 266 django.utils.autoreload trigger_reload 18072 C:\Users\jaden\OneDrive\Documents\GitHub\Football-Stats-Web-Scraping\player_scraping\services.py changed, reloading.
INFO 2023-05-22 22:41:51,976 MainThread 10984 autoreload autoreload.py 668 django.utils.autoreload run_with_reloader 900 Watching for file changes with StatReloader
INFO 2023-05-22 22:42:13,165 MainThread 10984 autoreload autoreload.py 266 django.utils.autoreload trigger_reload 900 C:\Users\jaden\OneDrive\Documents\GitHub\Football-Stats-Web-Scraping\player_scraping\services.py changed, reloading.
INFO 2023-05-22 22:42:13,659 MainThread 8268 autoreload autoreload.py 668 django.utils.autoreload run_with_reloader 7584 Watching for file changes with StatReloader
INFO 2023-05-22 22:42:15,062 Thread-1 (process_request_thread) 14728 basehttp basehttp.py 212 django.server log_message 7584 "GET /admin/player_scraping/playerstat/ HTTP/1.1" 302 0
INFO 2023-05-22 22:42:15,093 Thread-1 (process_request_thread) 14728 basehttp basehttp.py 212 django.server log_message 7584 "GET /admin/login/?next=/admin/player_scraping/playerstat/ HTTP/1.1" 200 3756
INFO 2023-05-22 22:42:17,200 Thread-1 (process_request_thread) 14728 basehttp basehttp.py 212 django.server log_message 7584 "POST /admin/login/?next=/admin/player_scraping/playerstat/ HTTP/1.1" 302 0
INFO 2023-05-22 22:42:17,228 Thread-1 (process_request_thread) 14728 basehttp basehttp.py 212 django.server log_message 7584 "GET /admin/player_scraping/playerstat/ HTTP/1.1" 200 10825
INFO 2023-05-22 22:42:17,246 Thread-1 (process_request_thread) 14728 basehttp basehttp.py 212 django.server log_message 7584 "GET /admin/jsi18n/ HTTP/1.1" 200 3343
INFO 2023-05-22 22:42:21,120 Thread-1 (process_request_thread) 14728 basehttp basehttp.py 212 django.server log_message 7584 "POST /admin/player_scraping/playerstat/ HTTP/1.1" 200 9589
INFO 2023-05-22 22:42:22,112 Thread-1 (process_request_thread) 14728 basehttp basehttp.py 212 django.server log_message 7584 "POST /admin/player_scraping/playerstat/ HTTP/1.1" 302 0
INFO 2023-05-22 22:42:22,124 Thread-1 (process_request_thread) 14728 basehttp basehttp.py 212 django.server log_message 7584 "GET /admin/player_scraping/playerstat/ HTTP/1.1" 200 9296
INFO 2023-05-22 22:42:22,138 Thread-1 (process_request_thread) 14728 basehttp basehttp.py 212 django.server log_message 7584 "GET /admin/jsi18n/ HTTP/1.1" 200 3343
INFO 2023-05-22 22:42:26,486 Thread-1 (process_request_thread) 14728 basehttp basehttp.py 212 django.server log_message 7584 "GET /home/my_team/ HTTP/1.1" 200 4359
INFO 2023-05-22 22:42:26,550 Thread-1 (process_request_thread) 14728 basehttp basehttp.py 212 django.server log_message 7584 "GET /static/CACHE/css/bootstrap.9819a5072959.css HTTP/1.1" 200 369990
INFO 2023-05-22 22:42:29,250 Thread-1 (process_request_thread) 14728 basehttp basehttp.py 212 django.server log_message 7584 "GET / HTTP/1.1" 200 2142
INFO 2023-05-22 22:42:29,294 Thread-1 (process_request_thread) 14728 basehttp basehttp.py 212 django.server log_message 7584 "GET /static/CACHE/css/bootstrap.9819a5072959.css HTTP/1.1" 200 369990
INFO 2023-05-22 22:42:32,027 Thread-1 (process_request_thread) 14728 basehttp basehttp.py 212 django.server log_message 7584 "GET /accounts/login/ HTTP/1.1" 200 2886
INFO 2023-05-22 22:42:32,066 Thread-1 (process_request_thread) 14728 basehttp basehttp.py 212 django.server log_message 7584 "GET /static/CACHE/css/bootstrap.9819a5072959.css HTTP/1.1" 200 369990
INFO 2023-05-22 22:42:36,557 Thread-1 (process_request_thread) 14728 basehttp basehttp.py 212 django.server log_message 7584 "POST /accounts/login/ HTTP/1.1" 302 0
INFO 2023-05-22 22:42:36,567 Thread-1 (process_request_thread) 14728 basehttp basehttp.py 212 django.server log_message 7584 "GET /home HTTP/1.1" 301 0
INFO 2023-05-22 22:42:38,456 Thread-2 (process_request_thread) 16592 basehttp basehttp.py 212 django.server log_message 7584 "GET /home/ HTTP/1.1" 200 4681
INFO 2023-05-22 22:42:38,496 Thread-2 (process_request_thread) 16592 basehttp basehttp.py 212 django.server log_message 7584 "GET /static/CACHE/css/bootstrap.9819a5072959.css HTTP/1.1" 200 369990
INFO 2023-05-22 22:42:42,227 Thread-2 (process_request_thread) 16592 basehttp basehttp.py 212 django.server log_message 7584 "GET /home/my_team/ HTTP/1.1" 200 5605
INFO 2023-05-22 22:42:42,266 Thread-2 (process_request_thread) 16592 basehttp basehttp.py 212 django.server log_message 7584 "GET /static/CACHE/css/bootstrap.9819a5072959.css HTTP/1.1" 200 369990
INFO 2023-05-22 22:43:12,402 Thread-2 (process_request_thread) 16592 basehttp basehttp.py 212 django.server log_message 7584 "GET /admin/player_scraping/league/ HTTP/1.1" 302 0
INFO 2023-05-22 22:43:12,411 Thread-2 (process_request_thread) 16592 basehttp basehttp.py 212 django.server log_message 7584 "GET /admin/login/?next=/admin/player_scraping/league/ HTTP/1.1" 200 3748
INFO 2023-05-22 22:43:14,530 Thread-2 (process_request_thread) 16592 basehttp basehttp.py 212 django.server log_message 7584 "POST /admin/login/?next=/admin/player_scraping/league/ HTTP/1.1" 302 0
INFO 2023-05-22 22:43:14,545 Thread-2 (process_request_thread) 16592 basehttp basehttp.py 212 django.server log_message 7584 "GET /admin/player_scraping/league/ HTTP/1.1" 200 11436
INFO 2023-05-22 22:43:14,564 Thread-2 (process_request_thread) 16592 basehttp basehttp.py 212 django.server log_message 7584 "GET /admin/jsi18n/ HTTP/1.1" 200 3343
INFO 2023-05-22 22:43:15,603 Thread-2 (process_request_thread) 16592 basehttp basehttp.py 212 django.server log_message 7584 "GET /admin/player_scraping/league/24/change/ HTTP/1.1" 200 11509
INFO 2023-05-22 22:43:15,620 Thread-2 (process_request_thread) 16592 basehttp basehttp.py 212 django.server log_message 7584 "GET /admin/jsi18n/ HTTP/1.1" 200 3343
INFO 2023-05-22 22:43:18,481 Thread-2 (process_request_thread) 16592 basehttp basehttp.py 212 django.server log_message 7584 "GET /admin/player_scraping/league/ HTTP/1.1" 200 11436
INFO 2023-05-22 22:47:40,208 MainThread 8268 autoreload autoreload.py 266 django.utils.autoreload trigger_reload 7584 C:\Users\jaden\OneDrive\Documents\GitHub\Football-Stats-Web-Scraping\player_scraping\utils.py changed, reloading.
INFO 2023-05-22 22:47:40,706 MainThread 10968 autoreload autoreload.py 668 django.utils.autoreload run_with_reloader 14348 Watching for file changes with StatReloader
INFO 2023-05-22 22:47:48,498 MainThread 10968 autoreload autoreload.py 266 django.utils.autoreload trigger_reload 14348 C:\Users\jaden\OneDrive\Documents\GitHub\Football-Stats-Web-Scraping\player_scraping\utils.py changed, reloading.
INFO 2023-05-22 22:47:48,975 MainThread 13076 autoreload autoreload.py 668 django.utils.autoreload run_with_reloader 10780 Watching for file changes with StatReloader
INFO 2023-05-22 22:47:51,332 Thread-1 (process_request_thread) 7796 basehttp basehttp.py 212 django.server log_message 10780 "GET /admin/player_scraping/league/ HTTP/1.1" 200 11436
INFO 2023-05-22 22:47:51,356 Thread-1 (process_request_thread) 7796 basehttp basehttp.py 212 django.server log_message 10780 "GET /admin/jsi18n/ HTTP/1.1" 200 3343
INFO 2023-05-22 22:47:53,075 Thread-1 (process_request_thread) 7796 basehttp basehttp.py 212 django.server log_message 10780 "GET /admin/player_scraping/playerstat/ HTTP/1.1" 200 10825
INFO 2023-05-22 22:47:53,093 Thread-1 (process_request_thread) 7796 basehttp basehttp.py 212 django.server log_message 10780 "GET /admin/jsi18n/ HTTP/1.1" 200 3343
INFO 2023-05-22 22:47:56,471 Thread-1 (process_request_thread) 7796 basehttp basehttp.py 212 django.server log_message 10780 "POST /admin/player_scraping/playerstat/ HTTP/1.1" 200 9589
INFO 2023-05-22 22:47:57,280 Thread-1 (process_request_thread) 7796 basehttp basehttp.py 212 django.server log_message 10780 "POST /admin/player_scraping/playerstat/ HTTP/1.1" 302 0
INFO 2023-05-22 22:47:57,293 Thread-1 (process_request_thread) 7796 basehttp basehttp.py 212 django.server log_message 10780 "GET /admin/player_scraping/playerstat/ HTTP/1.1" 200 9296
INFO 2023-05-22 22:47:57,313 Thread-1 (process_request_thread) 7796 basehttp basehttp.py 212 django.server log_message 10780 "GET /admin/jsi18n/ HTTP/1.1" 200 3343
INFO 2023-05-22 22:48:01,803 Thread-1 (process_request_thread) 7796 basehttp basehttp.py 212 django.server log_message 10780 "GET / HTTP/1.1" 200 2142
INFO 2023-05-22 22:48:01,879 Thread-1 (process_request_thread) 7796 basehttp basehttp.py 212 django.server log_message 10780 "GET /static/CACHE/css/bootstrap.9819a5072959.css HTTP/1.1" 200 369990
INFO 2023-05-22 22:48:04,581 Thread-1 (process_request_thread) 7796 basehttp basehttp.py 212 django.server log_message 10780 "GET /accounts/login/ HTTP/1.1" 200 2886
INFO 2023-05-22 22:48:04,616 Thread-1 (process_request_thread) 7796 basehttp basehttp.py 212 django.server log_message 10780 "GET /static/CACHE/css/bootstrap.9819a5072959.css HTTP/1.1" 200 369990
INFO 2023-05-22 22:48:08,101 Thread-1 (process_request_thread) 7796 basehttp basehttp.py 212 django.server log_message 10780 "POST /accounts/login/ HTTP/1.1" 302 0
INFO 2023-05-22 22:48:08,112 Thread-1 (process_request_thread) 7796 basehttp basehttp.py 212 django.server log_message 10780 "GET /home HTTP/1.1" 301 0
INFO 2023-05-22 22:48:09,998 Thread-2 (process_request_thread) 16572 basehttp basehttp.py 212 django.server log_message 10780 "GET /home/ HTTP/1.1" 200 4681
INFO 2023-05-22 22:48:10,039 Thread-2 (process_request_thread) 16572 basehttp basehttp.py 212 django.server log_message 10780 "GET /static/CACHE/css/bootstrap.9819a5072959.css HTTP/1.1" 200 369990
INFO 2023-05-22 22:48:13,940 Thread-2 (process_request_thread) 16572 basehttp basehttp.py 212 django.server log_message 10780 "GET /home/my_team/ HTTP/1.1" 200 5605
INFO 2023-05-22 22:48:13,980 Thread-2 (process_request_thread) 16572 basehttp basehttp.py 212 django.server log_message 10780 "GET /static/CACHE/css/bootstrap.9819a5072959.css HTTP/1.1" 200 369990
INFO 2023-05-22 22:48:19,192 Thread-2 (process_request_thread) 16572 basehttp basehttp.py 212 django.server log_message 10780 "GET /home/my_team/ HTTP/1.1" 200 5598
INFO 2023-05-22 22:48:19,222 Thread-2 (process_request_thread) 16572 basehttp basehttp.py 212 django.server log_message 10780 "GET /static/CACHE/css/bootstrap.9819a5072959.css HTTP/1.1" 200 369990
INFO 2023-05-22 22:52:07,757 MainThread 13076 autoreload autoreload.py 266 django.utils.autoreload trigger_reload 10780 C:\Users\jaden\OneDrive\Documents\GitHub\Football-Stats-Web-Scraping\player_scraping\services.py changed, reloading.
INFO 2023-05-22 22:52:08,330 MainThread 17948 autoreload autoreload.py 668 django.utils.autoreload run_with_reloader 13328 Watching for file changes with StatReloader
INFO 2023-05-22 22:52:09,227 Thread-1 (process_request_thread) 4032 basehttp basehttp.py 212 django.server log_message 13328 "GET /admin/player_scraping/playerstat/ HTTP/1.1" 302 0
INFO 2023-05-22 22:52:09,254 Thread-1 (process_request_thread) 4032 basehttp basehttp.py 212 django.server log_message 13328 "GET /admin/login/?next=/admin/player_scraping/playerstat/ HTTP/1.1" 200 3756
INFO 2023-05-22 22:52:11,718 Thread-1 (process_request_thread) 4032 basehttp basehttp.py 212 django.server log_message 13328 "POST /admin/login/?next=/admin/player_scraping/playerstat/ HTTP/1.1" 302 0
INFO 2023-05-22 22:52:11,745 Thread-1 (process_request_thread) 4032 basehttp basehttp.py 212 django.server log_message 13328 "GET /admin/player_scraping/playerstat/ HTTP/1.1" 200 10825
INFO 2023-05-22 22:52:11,769 Thread-1 (process_request_thread) 4032 basehttp basehttp.py 212 django.server log_message 13328 "GET /admin/jsi18n/ HTTP/1.1" 200 3343
INFO 2023-05-22 22:52:16,145 Thread-1 (process_request_thread) 4032 basehttp basehttp.py 212 django.server log_message 13328 "POST /admin/player_scraping/playerstat/ HTTP/1.1" 200 9589
INFO 2023-05-22 22:52:18,039 Thread-1 (process_request_thread) 4032 basehttp basehttp.py 212 django.server log_message 13328 "POST /admin/player_scraping/playerstat/ HTTP/1.1" 302 0
INFO 2023-05-22 22:52:18,051 Thread-1 (process_request_thread) 4032 basehttp basehttp.py 212 django.server log_message 13328 "GET /admin/player_scraping/playerstat/ HTTP/1.1" 200 9296
INFO 2023-05-22 22:52:18,065 Thread-1 (process_request_thread) 4032 basehttp basehttp.py 212 django.server log_message 13328 "GET /admin/jsi18n/ HTTP/1.1" 200 3343
INFO 2023-05-22 22:52:23,419 Thread-1 (process_request_thread) 4032 basehttp basehttp.py 212 django.server log_message 13328 "GET /home/my_team/ HTTP/1.1" 200 4359
INFO 2023-05-22 22:52:23,482 Thread-1 (process_request_thread) 4032 basehttp basehttp.py 212 django.server log_message 13328 "GET /static/CACHE/css/bootstrap.9819a5072959.css HTTP/1.1" 200 369990
INFO 2023-05-22 22:52:33,451 Thread-1 (process_request_thread) 4032 basehttp basehttp.py 212 django.server log_message 13328 "GET / HTTP/1.1" 200 2142
INFO 2023-05-22 22:52:33,484 Thread-1 (process_request_thread) 4032 basehttp basehttp.py 212 django.server log_message 13328 "GET /static/CACHE/css/bootstrap.9819a5072959.css HTTP/1.1" 200 369990
INFO 2023-05-22 22:52:36,307 Thread-1 (process_request_thread) 4032 basehttp basehttp.py 212 django.server log_message 13328 "GET /accounts/login/ HTTP/1.1" 200 2886
INFO 2023-05-22 22:52:36,343 Thread-1 (process_request_thread) 4032 basehttp basehttp.py 212 django.server log_message 13328 "GET /static/CACHE/css/bootstrap.9819a5072959.css HTTP/1.1" 200 369990
INFO 2023-05-22 22:52:38,529 Thread-1 (process_request_thread) 4032 basehttp basehttp.py 212 django.server log_message 13328 "POST /accounts/login/ HTTP/1.1" 302 0
INFO 2023-05-22 22:52:38,542 Thread-1 (process_request_thread) 4032 basehttp basehttp.py 212 django.server log_message 13328 "GET /home HTTP/1.1" 301 0
INFO 2023-05-22 22:52:40,436 Thread-2 (process_request_thread) 2024 basehttp basehttp.py 212 django.server log_message 13328 "GET /home/ HTTP/1.1" 200 4681
INFO 2023-05-22 22:52:40,476 Thread-2 (process_request_thread) 2024 basehttp basehttp.py 212 django.server log_message 13328 "GET /static/CACHE/css/bootstrap.9819a5072959.css HTTP/1.1" 200 369990
INFO 2023-05-22 22:52:44,434 Thread-2 (process_request_thread) 2024 basehttp basehttp.py 212 django.server log_message 13328 "GET /home/my_team/ HTTP/1.1" 200 5605
INFO 2023-05-22 22:52:44,481 Thread-2 (process_request_thread) 2024 basehttp basehttp.py 212 django.server log_message 13328 "GET /static/CACHE/css/bootstrap.9819a5072959.css HTTP/1.1" 200 369990
INFO 2023-05-22 22:53:31,573 Thread-2 (process_request_thread) 2024 basehttp basehttp.py 212 django.server log_message 13328 "GET /home/my_team/ HTTP/1.1" 200 5598
INFO 2023-05-22 22:53:31,602 Thread-2 (process_request_thread) 2024 basehttp basehttp.py 212 django.server log_message 13328 "GET /static/CACHE/css/bootstrap.9819a5072959.css HTTP/1.1" 200 369990
INFO 2023-05-22 23:01:22,279 MainThread 17948 autoreload autoreload.py 266 django.utils.autoreload trigger_reload 13328 C:\Users\jaden\OneDrive\Documents\GitHub\Football-Stats-Web-Scraping\player_scraping\services.py changed, reloading.
INFO 2023-05-22 23:01:22,753 MainThread 11544 autoreload autoreload.py 668 django.utils.autoreload run_with_reloader 12992 Watching for file changes with StatReloader
INFO 2023-05-22 23:01:30,538 MainThread 11544 autoreload autoreload.py 266 django.utils.autoreload trigger_reload 12992 C:\Users\jaden\OneDrive\Documents\GitHub\Football-Stats-Web-Scraping\player_scraping\services.py changed, reloading.
INFO 2023-05-22 23:01:31,011 MainThread 12044 autoreload autoreload.py 668 django.utils.autoreload run_with_reloader 16868 Watching for file changes with StatReloader
INFO 2023-05-22 23:01:39,823 MainThread 12044 autoreload autoreload.py 266 django.utils.autoreload trigger_reload 16868 C:\Users\jaden\OneDrive\Documents\GitHub\Football-Stats-Web-Scraping\player_scraping\services.py changed, reloading.
INFO 2023-05-22 23:01:40,329 MainThread 7832 autoreload autoreload.py 668 django.utils.autoreload run_with_reloader 8760 Watching for file changes with StatReloader
INFO 2023-05-22 23:02:10,839 MainThread 7832 autoreload autoreload.py 266 django.utils.autoreload trigger_reload 8760 C:\Users\jaden\OneDrive\Documents\GitHub\Football-Stats-Web-Scraping\player_scraping\services.py changed, reloading.
INFO 2023-05-22 23:02:11,307 MainThread 6876 autoreload autoreload.py 668 django.utils.autoreload run_with_reloader 15856 Watching for file changes with StatReloader
INFO 2023-05-22 23:02:25,293 MainThread 6876 autoreload autoreload.py 266 django.utils.autoreload trigger_reload 15856 C:\Users\jaden\OneDrive\Documents\GitHub\Football-Stats-Web-Scraping\player_scraping\services.py changed, reloading.
INFO 2023-05-22 23:02:25,762 MainThread 13636 autoreload autoreload.py 668 django.utils.autoreload run_with_reloader 16732 Watching for file changes with StatReloader
